<?xml version="1.0" encoding="UTF-8"?>
<testsuite name="com.montre.api.MontreServiceApplicationTests" tests="1" skipped="0" failures="0" errors="0" timestamp="2025-05-18T08:38:34.613Z" hostname="MSI" time="0.908">
  <properties/>
  <testcase name="contextLoads()" classname="com.montre.api.MontreServiceApplicationTests" time="0.908"/>
  <system-out><![CDATA[10:38:32.017 [Test worker] INFO org.springframework.test.context.support.AnnotationConfigContextLoaderUtils -- Could not detect default configuration classes for test class [com.montre.api.MontreServiceApplicationTests]: MontreServiceApplicationTests does not declare any static, non-private, non-final, nested classes annotated with @Configuration.
10:38:32.197 [Test worker] INFO org.springframework.boot.test.context.SpringBootTestContextBootstrapper -- Found @SpringBootConfiguration com.montre.api.MontreServiceApplication for test class com.montre.api.MontreServiceApplicationTests

  .   ____          _            __ _ _
 /\\ / ___'_ __ _ _(_)_ __  __ _ \ \ \ \
( ( )\___ | '_ | '_| | '_ \/ _` | \ \ \ \
 \\/  ___)| |_)| | | | | || (_| |  ) ) ) )
  '  |____| .__|_| |_|_| |_\__, | / / / /
 =========|_|==============|___/=/_/_/_/

 :: Spring Boot ::                (v3.4.5)

2025-05-18T10:38:32.885+02:00  INFO 22964 --- [montre-service] [    Test worker] c.m.api.MontreServiceApplicationTests    : Starting MontreServiceApplicationTests using Java 21.0.6 with PID 22964 (started by antoi in C:\Users\antoi\OneDrive\Bureau\UPC\ProgrammationDist\api)
2025-05-18T10:38:32.886+02:00  INFO 22964 --- [montre-service] [    Test worker] c.m.api.MontreServiceApplicationTests    : No active profile set, falling back to 1 default profile: "default"
2025-05-18T10:38:34.589+02:00  INFO 22964 --- [montre-service] [    Test worker] c.m.api.MontreServiceApplicationTests    : Started MontreServiceApplicationTests in 2.108 seconds (process running for 3.836)
]]></system-out>
  <system-err><![CDATA[Mockito is currently self-attaching to enable the inline-mock-maker. This will no longer work in future releases of the JDK. Please add Mockito as an agent to your build what is described in Mockito's documentation: https://javadoc.io/doc/org.mockito/mockito-core/latest/org/mockito/Mockito.html#0.3
WARNING: A Java agent has been loaded dynamically (C:\Users\antoi\.gradle\caches\modules-2\files-2.1\net.bytebuddy\byte-buddy-agent\1.15.11\a38b16385e867f59a641330f0362ebe742788ed8\byte-buddy-agent-1.15.11.jar)
WARNING: If a serviceability tool is in use, please run with -XX:+EnableDynamicAgentLoading to hide this warning
WARNING: If a serviceability tool is not in use, please run with -Djdk.instrument.traceUsage for more information
WARNING: Dynamic loading of agents will be disallowed by default in a future release
]]></system-err>
</testsuite>
